0 info it worked if it ends with ok
1 verbose cli [ '/usr/bin/node', '/usr/bin/npm', 'run', 'restart' ]
2 info using npm@3.10.10
3 info using node@v6.11.5
4 verbose run-script [ 'prerestart', 'restart', 'postrestart' ]
5 info lifecycle imageboard@1.0.0~prerestart: imageboard@1.0.0
6 silly lifecycle imageboard@1.0.0~prerestart: no script for prerestart, continuing
7 info lifecycle imageboard@1.0.0~restart: imageboard@1.0.0
8 verbose lifecycle imageboard@1.0.0~restart: unsafe-perm in lifecycle true
9 verbose lifecycle imageboard@1.0.0~restart: PATH: /usr/lib64/node_modules/npm/bin/node-gyp-bin:/home/ryank3egan/Documents/CS4/Image-Board/node_modules/.bin:/usr/local/bin:/usr/bin:/bin:/opt/bin:/usr/x86_64-pc-linux-gnu/gcc-bin/4.9.4:/usr/x86_64-pc-linux-gnu/aarch64-unknown-linux-gnu/gcc-bin/6.3.0:/home/ryank3egan/Scripts/
10 verbose lifecycle imageboard@1.0.0~restart: CWD: /home/ryank3egan/Documents/CS4/Image-Board
11 silly lifecycle imageboard@1.0.0~restart: Args: [ '-c', 'npm run stop | npm run start | npm run log' ]
12 silly lifecycle imageboard@1.0.0~restart: Returned: code: 134  signal: null
13 info lifecycle imageboard@1.0.0~restart: Failed to exec restart script
14 verbose stack Error: imageboard@1.0.0 restart: `npm run stop | npm run start | npm run log`
14 verbose stack Exit status 134
14 verbose stack     at EventEmitter.<anonymous> (/usr/lib64/node_modules/npm/lib/utils/lifecycle.js:255:16)
14 verbose stack     at emitTwo (events.js:106:13)
14 verbose stack     at EventEmitter.emit (events.js:191:7)
14 verbose stack     at ChildProcess.<anonymous> (/usr/lib64/node_modules/npm/lib/utils/spawn.js:40:14)
14 verbose stack     at emitTwo (events.js:106:13)
14 verbose stack     at ChildProcess.emit (events.js:191:7)
14 verbose stack     at maybeClose (internal/child_process.js:920:16)
14 verbose stack     at Process.ChildProcess._handle.onexit (internal/child_process.js:230:5)
15 verbose pkgid imageboard@1.0.0
16 verbose cwd /home/ryank3egan/Documents/CS4/Image-Board/routes/create
17 error Linux 4.8.17-hardened-r2
18 error argv "/usr/bin/node" "/usr/bin/npm" "run" "restart"
19 error node v6.11.5
20 error npm  v3.10.10
21 error code ELIFECYCLE
22 error imageboard@1.0.0 restart: `npm run stop | npm run start | npm run log`
22 error Exit status 134
23 error Failed at the imageboard@1.0.0 restart script 'npm run stop | npm run start | npm run log'.
23 error Make sure you have the latest version of node.js and npm installed.
23 error If you do, this is most likely a problem with the imageboard package,
23 error not with npm itself.
23 error Tell the author that this fails on your system:
23 error     npm run stop | npm run start | npm run log
23 error You can get information on how to open an issue for this project with:
23 error     npm bugs imageboard
23 error Or if that isn't available, you can get their info via:
23 error     npm owner ls imageboard
23 error There is likely additional logging output above.
24 verbose exit [ 1, true ]
